0 info it worked if it ends with ok
1 verbose cli [ '/usr/local/bin/node', '/usr/local/bin/npm', 'publish' ]
2 info using npm@2.14.2
3 info using node@v4.0.0
4 verbose publish [ '.' ]
5 silly cache add args [ '.', null ]
6 verbose cache add spec .
7 silly cache add parsed spec Result {
7 silly cache add   raw: '.',
7 silly cache add   scope: null,
7 silly cache add   name: null,
7 silly cache add   rawSpec: '.',
7 silly cache add   spec: '/Applications/MAMP/htdocs/paystack',
7 silly cache add   type: 'directory' }
8 verbose addLocalDirectory /Users/kehers/.npm/paystack/1.0.0/package.tgz not in flight; packing
9 verbose tar pack [ '/Users/kehers/.npm/paystack/1.0.0/package.tgz',
9 verbose tar pack   '/Applications/MAMP/htdocs/paystack' ]
10 verbose tarball /Users/kehers/.npm/paystack/1.0.0/package.tgz
11 verbose folder /Applications/MAMP/htdocs/paystack
12 info prepublish paystack@1.0.0
13 verbose addLocalTarball adding from inside cache /Users/kehers/.npm/paystack/1.0.0/package.tgz
14 silly cache afterAdd paystack@1.0.0
15 verbose afterAdd /Users/kehers/.npm/paystack/1.0.0/package/package.json not in flight; writing
16 verbose afterAdd /Users/kehers/.npm/paystack/1.0.0/package/package.json written
17 silly publish { name: 'paystack',
17 silly publish   version: '1.0.0',
17 silly publish   description: 'Paystack API wrapper',
17 silly publish   main: 'index.js',
17 silly publish   scripts: { test: 'echo "Error: no test specified" && exit 1' },
17 silly publish   keywords: [ 'payment', 'API', 'naira', 'paystack' ],
17 silly publish   author:
17 silly publish    { name: 'Opeyemi Obembe',
17 silly publish      email: 'kehers@gmail.com',
17 silly publish      url: 'http://obem.be/opeyemi' },
17 silly publish   license: 'MIT',
17 silly publish   dependencies: { request: '^2.67.0' },
17 silly publish   devDependencies: {},
17 silly publish   repository: { type: 'git', url: 'https://github.com/kehers/paystack.git' },
17 silly publish   bugs: { url: 'https://github.com/kehers/paystack/issues' },
17 silly publish   homepage: 'https://github.com/kehers/paystack',
17 silly publish   readme: '## paystack\n\nA Nodejs API wrapper for [Paystack](https://paystack.co/).\n\n### Installation\n\n```\nnpm install paystack\n```\n\n### Usage\n\n```js\n// Require the library\nvar paystack = require(\'paystack\')(\'secret_key\');\n\n// Make a call to the resource/method\n// paystack.{resource}.{method}\npaystack.customer.list(function(error, body) {\n  console.log(error);\n  console.log(body);\n});\n```\n\nThe resource method accepts an optional callback as the last argument. The callback returns two JSON objects - `error`, which will be null for successful calls, and `body`, the response from the API call.\n\nFor resource methods that use POST or PUT, the JSON body can be passed as the first argument.\n\n```js\npaystack.plan.create({\n  name: \'API demo\',\n  amount: 10000,\n  interval: \'monthly\'\n},function(error, body) {\n  console.log(error);\n  console.log(body);\n});\n```\n\nFor GET, you can pass the required ID as string and optional parameters as an optioal object argument.\n\n```js\npaystack.plan.get(90, function(error, body) {\n  console.log(error);\n  console.log(body);\n});\n```\n\n```js\npaystack.transactions.list({\n  perPage: 20\n}, function(error, body) {\n  console.log(error);\n  console.log(body);\n});\n```\n\n### Resources\n\n- customer\n  - create\n  - get\n  - list\n  - update \n- transaction\n  - initialize\n  - charge\n  - get\n  - list\n  - totals\n  - verify\n- plan\n  - create\n  - get\n  - list\n  - update\n\n### Todo\n\n- Proper resource examples\n- Tests\n- ES6 support\n',
17 silly publish   readmeFilename: 'README.md',
17 silly publish   gitHead: '5157fc8cafa4aa693dedaf28a684fd7a87a1b7a7',
17 silly publish   _id: 'paystack@1.0.0',
17 silly publish   _shasum: 'e86a7d9e75aa6cc61484a53c02858edb2f6c2769',
17 silly publish   _from: '.' }
18 verbose getPublishConfig undefined
19 silly mapToRegistry name paystack
20 silly mapToRegistry using default registry
21 silly mapToRegistry registry https://registry.npmjs.org/
22 silly mapToRegistry uri https://registry.npmjs.org/paystack
23 verbose publish registryBase https://registry.npmjs.org/
24 silly publish uploading /Users/kehers/.npm/paystack/1.0.0/package.tgz
25 verbose request uri https://registry.npmjs.org/paystack
26 verbose request sending authorization for write operation
27 info attempt registry request try #1 at 12:31:17 PM
28 verbose request id ec8dbd2de41a31b9
29 http request PUT https://registry.npmjs.org/paystack
30 http 403 https://registry.npmjs.org/paystack
31 verbose headers { 'content-type': 'application/json',
31 verbose headers   'cache-control': 'max-age=300',
31 verbose headers   'content-length': '95',
31 verbose headers   'accept-ranges': 'bytes',
31 verbose headers   date: 'Fri, 29 Jan 2016 11:30:17 GMT',
31 verbose headers   via: '1.1 varnish',
31 verbose headers   connection: 'keep-alive',
31 verbose headers   'x-served-by': 'cache-lhr6325-LHR',
31 verbose headers   'x-cache': 'MISS',
31 verbose headers   'x-cache-hits': '0',
31 verbose headers   'x-timer': 'S1454067015.732912,VS0,VE1305' }
32 verbose request invalidating /Users/kehers/.npm/registry.npmjs.org/paystack on PUT
33 error publish Failed PUT 403
34 verbose stack Error: "You cannot publish over the previously published version 1.0.0." : paystack
34 verbose stack     at makeError (/usr/local/lib/node_modules/npm/node_modules/npm-registry-client/lib/request.js:263:12)
34 verbose stack     at CachingRegistryClient.<anonymous> (/usr/local/lib/node_modules/npm/node_modules/npm-registry-client/lib/request.js:251:14)
34 verbose stack     at Request._callback (/usr/local/lib/node_modules/npm/node_modules/npm-registry-client/lib/request.js:171:14)
34 verbose stack     at Request.self.callback (/usr/local/lib/node_modules/npm/node_modules/request/request.js:198:22)
34 verbose stack     at emitTwo (events.js:87:13)
34 verbose stack     at Request.emit (events.js:172:7)
34 verbose stack     at Request.<anonymous> (/usr/local/lib/node_modules/npm/node_modules/request/request.js:1073:14)
34 verbose stack     at emitOne (events.js:82:20)
34 verbose stack     at Request.emit (events.js:169:7)
34 verbose stack     at IncomingMessage.<anonymous> (/usr/local/lib/node_modules/npm/node_modules/request/request.js:1019:12)
35 verbose statusCode 403
36 verbose pkgid paystack
37 verbose cwd /Applications/MAMP/htdocs/paystack
38 error Darwin 15.2.0
39 error argv "/usr/local/bin/node" "/usr/local/bin/npm" "publish"
40 error node v4.0.0
41 error npm  v2.14.2
42 error code E403
43 error "You cannot publish over the previously published version 1.0.0." : paystack
44 error If you need help, you may report this error at:
44 error     <https://github.com/npm/npm/issues>
45 verbose exit [ 1, true ]
